<?xml version="1.0" encoding="UTF-8" ?>
<testsuite tests="39" failures="0" name="runners.TestRunner" time="12.667" errors="0" skipped="0">
  <properties>
[...]
</properties>
  <testcase classname="| Suit | Grey Plain Wool;586.861/122 | Lazio - Single Breasted;Brescia | With Turn Up | Belt Loops | Capetown | No | Regular;46;Regular;44 |" name="Given User has selected product &quot;Suit&quot; from the custom made section in suitsupply website" time="0.017"/>
  <testcase classname="| Suit | Grey Plain Wool;586.861/122 | Lazio - Single Breasted;Brescia | With Turn Up | Belt Loops | Capetown | No | Regular;46;Regular;44 |" name="When User provides fabric details as &quot;Grey Plain Wool;586.861/122&quot;" time="0.001"/>
  <testcase classname="| Suit | Grey Plain Wool;586.861/122 | Lazio - Single Breasted;Brescia | With Turn Up | Belt Loops | Capetown | No | Regular;46;Regular;44 |" name="And User provides fit details as &quot;Lazio - Single Breasted;Brescia&quot;" time="0.001"/>
  <testcase classname="| Suit | Grey Plain Wool;586.861/122 | Lazio - Single Breasted;Brescia | With Turn Up | Belt Loops | Capetown | No | Regular;46;Regular;44 |" name="And User provides turn up details as &quot;With Turn Up&quot;" time="0.002"/>
  <testcase classname="| Suit | Grey Plain Wool;586.861/122 | Lazio - Single Breasted;Brescia | With Turn Up | Belt Loops | Capetown | No | Regular;46;Regular;44 |" name="And User provides waistband details as &quot;Belt Loops&quot;" time="0"/>
  <testcase classname="| Suit | Grey Plain Wool;586.861/122 | Lazio - Single Breasted;Brescia | With Turn Up | Belt Loops | Capetown | No | Regular;46;Regular;44 |" name="And User provides waistcoat details as &quot;Capetown&quot;" time="0"/>
  <testcase classname="| Suit | Grey Plain Wool;586.861/122 | Lazio - Single Breasted;Brescia | With Turn Up | Belt Loops | Capetown | No | Regular;46;Regular;44 |" name="And User provides additional trousers detail as &quot;No&quot;" time="0.001"/>
  <testcase classname="| Suit | Grey Plain Wool;586.861/122 | Lazio - Single Breasted;Brescia | With Turn Up | Belt Loops | Capetown | No | Regular;46;Regular;44 |" name="And User provides size details as &quot;Regular;46;Regular;44&quot;" time="0"/>
  <testcase classname="| Suit | Grey Plain Wool;586.861/122 | Lazio - Single Breasted;Brescia | With Turn Up | Belt Loops | Capetown | No | Regular;46;Regular;44 |" name="Then User is able to add the product to bag" time="0.006"/>
  <testcase classname="| Suit | Grey Plain Wool;586.861/122 | Lazio - Single Breasted;Brescia | With Turn Up | Belt Loops | Capetown | No | Regular;46;Regular;44 |" name="| Suit | Grey Plain Wool;586.861/122 | Lazio - Single Breasted;Brescia | With Turn Up | Belt Loops | Capetown | No | Regular;46;Regular;44 |" time="1.491"/>
  <testcase classname="| Shirt | Blue Linen Stripe;367.2 | Slim Fit | Classic | Single squared | Capetown | ON FRONT;DM | Long;39-7 |" name="Given User has selected product &quot;Shirt&quot; from the custom made section in suitsupply website" time="0"/>
  <testcase classname="| Shirt | Blue Linen Stripe;367.2 | Slim Fit | Classic | Single squared | Capetown | ON FRONT;DM | Long;39-7 |" name="When User provides fabric details as &quot;Blue Linen Stripe;367.2&quot;" time="0"/>
  <testcase classname="| Shirt | Blue Linen Stripe;367.2 | Slim Fit | Classic | Single squared | Capetown | ON FRONT;DM | Long;39-7 |" name="And User provides fit details as &quot;Slim Fit&quot;" time="0"/>
  <testcase classname="| Shirt | Blue Linen Stripe;367.2 | Slim Fit | Classic | Single squared | Capetown | ON FRONT;DM | Long;39-7 |" name="And User provides collar details as &quot;Classic&quot;" time="0"/>
  <testcase classname="| Shirt | Blue Linen Stripe;367.2 | Slim Fit | Classic | Single squared | Capetown | ON FRONT;DM | Long;39-7 |" name="And User provides cuff details as &quot;Single squared&quot;" time="0"/>
  <testcase classname="| Shirt | Blue Linen Stripe;367.2 | Slim Fit | Classic | Single squared | Capetown | ON FRONT;DM | Long;39-7 |" name="And User provides monogram details as &quot;ON FRONT;DM&quot;" time="0"/>
  <testcase classname="| Shirt | Blue Linen Stripe;367.2 | Slim Fit | Classic | Single squared | Capetown | ON FRONT;DM | Long;39-7 |" name="And User provides size details as &quot;Long;39-7&quot;" time="0.002"/>
  <testcase classname="| Shirt | Blue Linen Stripe;367.2 | Slim Fit | Classic | Single squared | Capetown | ON FRONT;DM | Long;39-7 |" name="Then User is able to add the product to bag" time="0"/>
  <testcase classname="| Shirt | Blue Linen Stripe;367.2 | Slim Fit | Classic | Single squared | Capetown | ON FRONT;DM | Long;39-7 |" name="| Shirt | Blue Linen Stripe;367.2 | Slim Fit | Classic | Single squared | Capetown | ON FRONT;DM | Long;39-7 |" time="2.743"/>
  <testcase classname="| Trousers | Light Brown Pure Cotton;1982/919 | Washington | Without Turn Up | Side Adjusters | Long;90 |" name="Given User has selected product &quot;Trousers&quot; from the custom made section in suitsupply website" time="0.009"/>
  <testcase classname="| Trousers | Light Brown Pure Cotton;1982/919 | Washington | Without Turn Up | Side Adjusters | Long;90 |" name="When User provides fabric details as &quot;Light Brown Pure Cotton;1982/919&quot;" time="0"/>
  <testcase classname="| Trousers | Light Brown Pure Cotton;1982/919 | Washington | Without Turn Up | Side Adjusters | Long;90 |" name="And User provides fit details as &quot;Washington&quot;" time="0.009"/>
  <testcase classname="| Trousers | Light Brown Pure Cotton;1982/919 | Washington | Without Turn Up | Side Adjusters | Long;90 |" name="And User provides turn up details as &quot;Without Turn Up&quot;" time="0"/>
  <testcase classname="| Trousers | Light Brown Pure Cotton;1982/919 | Washington | Without Turn Up | Side Adjusters | Long;90 |" name="And User provides waistband details as &quot;Side Adjusters&quot;" time="0"/>
  <testcase classname="| Trousers | Light Brown Pure Cotton;1982/919 | Washington | Without Turn Up | Side Adjusters | Long;90 |" name="And User provides size details as &quot;Long;90&quot;" time="0"/>
  <testcase classname="| Trousers | Light Brown Pure Cotton;1982/919 | Washington | Without Turn Up | Side Adjusters | Long;90 |" name="Then User is able to add the product to bag" time="0"/>
  <testcase classname="| Trousers | Light Brown Pure Cotton;1982/919 | Washington | Without Turn Up | Side Adjusters | Long;90 |" name="| Trousers | Light Brown Pure Cotton;1982/919 | Washington | Without Turn Up | Side Adjusters | Long;90 |" time="2.698"/>
  <testcase classname="| Jacket | Grey Faux Uni Wool;540.901/4 | Napoli - Single Breasted | Regular;48 |" name="Given User has selected product &quot;Jacket&quot; from the custom made section in suitsupply website" time="0"/>
  <testcase classname="| Jacket | Grey Faux Uni Wool;540.901/4 | Napoli - Single Breasted | Regular;48 |" name="When User provides fabric details as &quot;Grey Faux Uni Wool;540.901/4&quot;" time="0.001"/>
  <testcase classname="| Jacket | Grey Faux Uni Wool;540.901/4 | Napoli - Single Breasted | Regular;48 |" name="And User provides fit details as &quot;Napoli - Single Breasted&quot;" time="0"/>
  <testcase classname="| Jacket | Grey Faux Uni Wool;540.901/4 | Napoli - Single Breasted | Regular;48 |" name="And User provides size details as &quot;Regular;48&quot;" time="0"/>
  <testcase classname="| Jacket | Grey Faux Uni Wool;540.901/4 | Napoli - Single Breasted | Regular;48 |" name="Then User is able to add the product to bag" time="0"/>
  <testcase classname="| Jacket | Grey Faux Uni Wool;540.901/4 | Napoli - Single Breasted | Regular;48 |" name="| Jacket | Grey Faux Uni Wool;540.901/4 | Napoli - Single Breasted | Regular;48 |" time="2.857"/>
  <testcase classname="| Waistcoat | Blue Plain Wool;595.201/4 | Ferrara | Regular;42 |" name="Given User has selected product &quot;Waistcoat&quot; from the custom made section in suitsupply website" time="0.001"/>
  <testcase classname="| Waistcoat | Blue Plain Wool;595.201/4 | Ferrara | Regular;42 |" name="When User provides fabric details as &quot;Blue Plain Wool;595.201/4&quot;" time="0"/>
  <testcase classname="| Waistcoat | Blue Plain Wool;595.201/4 | Ferrara | Regular;42 |" name="And User provides fit details as &quot;Ferrara&quot;" time="0"/>
  <testcase classname="| Waistcoat | Blue Plain Wool;595.201/4 | Ferrara | Regular;42 |" name="And User provides size details as &quot;Regular;42&quot;" time="0"/>
  <testcase classname="| Waistcoat | Blue Plain Wool;595.201/4 | Ferrara | Regular;42 |" name="Then User is able to add the product to bag" time="0"/>
  <testcase classname="| Waistcoat | Blue Plain Wool;595.201/4 | Ferrara | Regular;42 |" name="| Waistcoat | Blue Plain Wool;595.201/4 | Ferrara | Regular;42 |" time="2.828"/>
</testsuite>